<?xml version="1.0" encoding="UTF-8"?>
<!-- Generated by org.testng.reporters.JUnitReportReporter -->
<testsuite hostname="Prabin" failures="0" tests="1" name="test.LoginTest" time="2.882" errors="0" timestamp="05 Apr 2022 05:17:13 GMT" skipped="0">
  <testcase classname="test.LoginTest" name="validUserShouldBeAbleToLogin" time="2.882"/>
</testsuite> <!-- test.LoginTest -->
